<?xml version="1.0" encoding="UTF-8"?>
<testng-results ignored="0" total="4" passed="4" failed="0" skipped="0">
  <reporter-output>
  </reporter-output>
  <suite started-at="2023-09-15T21:11:45 IST" name="Default suite" finished-at="2023-09-15T21:11:55 IST" duration-ms="10120">
    <groups>
    </groups>
    <test started-at="2023-09-15T21:11:45 IST" name="Default test" finished-at="2023-09-15T21:11:55 IST" duration-ms="10120">
      <class name="com.spotify.tests.PlaylistTest">
        <test-method signature="createPlaylist()[pri:1, instance:com.spotify.tests.PlaylistTest@7c137fd5]" started-at="2023-09-15T21:11:45 IST" name="createPlaylist" finished-at="2023-09-15T21:11:52 IST" duration-ms="7836" status="PASS">
          <reporter-output>
          </reporter-output>
        </test-method> <!-- createPlaylist -->
        <test-method signature="getPlaylistDetail()[pri:2, instance:com.spotify.tests.PlaylistTest@7c137fd5]" started-at="2023-09-15T21:11:53 IST" name="getPlaylistDetail" finished-at="2023-09-15T21:11:53 IST" duration-ms="890" status="PASS">
          <reporter-output>
          </reporter-output>
        </test-method> <!-- getPlaylistDetail -->
        <test-method signature="updateUserPlaylist()[pri:3, instance:com.spotify.tests.PlaylistTest@7c137fd5]" started-at="2023-09-15T21:11:53 IST" name="updateUserPlaylist" finished-at="2023-09-15T21:11:54 IST" duration-ms="770" status="PASS">
          <reporter-output>
          </reporter-output>
        </test-method> <!-- updateUserPlaylist -->
        <test-method signature="shouldNotBeAbleToCreatePlaylist()[pri:4, instance:com.spotify.tests.PlaylistTest@7c137fd5]" started-at="2023-09-15T21:11:54 IST" name="shouldNotBeAbleToCreatePlaylist" finished-at="2023-09-15T21:11:55 IST" duration-ms="340" status="PASS">
          <reporter-output>
          </reporter-output>
        </test-method> <!-- shouldNotBeAbleToCreatePlaylist -->
      </class> <!-- com.spotify.tests.PlaylistTest -->
    </test> <!-- Default test -->
  </suite> <!-- Default suite -->
</testng-results>
