<?xml version="1.0" encoding="UTF-8"?>
<!-- Generated by org.testng.reporters.JUnitXMLReporter -->
<testsuite ignored="0" hostname="DESKTOP-UKJ50JB" failures="0" tests="4" name="Default test" time="11.487" errors="0" timestamp="2023-09-14T18:32:06 IST">
  <testcase classname="com.spotify.test.CreatePlaylistViaPlaylistAPI" name="createPlaylist" time="9.168"/>
  <testcase classname="com.spotify.test.CreatePlaylistViaPlaylistAPI" name="getPlaylistDetail" time="1.0"/>
  <testcase classname="com.spotify.test.CreatePlaylistViaPlaylistAPI" name="updateUserPlaylist" time="0.825"/>
  <testcase classname="com.spotify.test.CreatePlaylistViaPlaylistAPI" name="shouldNotBeAbleToCreatePlaylist" time="0.334"/>
</testsuite> <!-- Default test -->
