<?xml version="1.0" encoding="UTF-8"?>
<!-- Generated by org.testng.reporters.JUnitXMLReporter -->
<testsuite ignored="0" hostname="DESKTOP-UKJ50JB" failures="0" tests="4" name="Default test" time="10.12" errors="0" timestamp="2023-09-15T21:11:55 IST">
  <testcase classname="com.spotify.tests.PlaylistTest" name="createPlaylist" time="7.836"/>
  <testcase classname="com.spotify.tests.PlaylistTest" name="getPlaylistDetail" time="0.89"/>
  <testcase classname="com.spotify.tests.PlaylistTest" name="updateUserPlaylist" time="0.77"/>
  <testcase classname="com.spotify.tests.PlaylistTest" name="shouldNotBeAbleToCreatePlaylist" time="0.34"/>
</testsuite> <!-- Default test -->
