<?xml version="1.0" encoding="UTF-8"?>
<testng-results ignored="0" total="4" passed="4" failed="0" skipped="0">
  <reporter-output>
  </reporter-output>
  <suite started-at="2023-09-14T18:31:54 IST" name="Default suite" finished-at="2023-09-14T18:32:06 IST" duration-ms="11487">
    <groups>
    </groups>
    <test started-at="2023-09-14T18:31:54 IST" name="Default test" finished-at="2023-09-14T18:32:06 IST" duration-ms="11487">
      <class name="com.spotify.test.CreatePlaylistViaPlaylistAPI">
        <test-method signature="createPlaylist()[pri:1, instance:com.spotify.test.CreatePlaylistViaPlaylistAPI@4567f35d]" started-at="2023-09-14T18:31:54 IST" name="createPlaylist" finished-at="2023-09-14T18:32:03 IST" duration-ms="9168" status="PASS">
          <reporter-output>
          </reporter-output>
        </test-method> <!-- createPlaylist -->
        <test-method signature="getPlaylistDetail()[pri:2, instance:com.spotify.test.CreatePlaylistViaPlaylistAPI@4567f35d]" started-at="2023-09-14T18:32:03 IST" name="getPlaylistDetail" finished-at="2023-09-14T18:32:04 IST" duration-ms="1000" status="PASS">
          <reporter-output>
          </reporter-output>
        </test-method> <!-- getPlaylistDetail -->
        <test-method signature="updateUserPlaylist()[pri:3, instance:com.spotify.test.CreatePlaylistViaPlaylistAPI@4567f35d]" started-at="2023-09-14T18:32:04 IST" name="updateUserPlaylist" finished-at="2023-09-14T18:32:05 IST" duration-ms="825" status="PASS">
          <reporter-output>
          </reporter-output>
        </test-method> <!-- updateUserPlaylist -->
        <test-method signature="shouldNotBeAbleToCreatePlaylist()[pri:4, instance:com.spotify.test.CreatePlaylistViaPlaylistAPI@4567f35d]" started-at="2023-09-14T18:32:05 IST" name="shouldNotBeAbleToCreatePlaylist" finished-at="2023-09-14T18:32:06 IST" duration-ms="334" status="PASS">
          <reporter-output>
          </reporter-output>
        </test-method> <!-- shouldNotBeAbleToCreatePlaylist -->
      </class> <!-- com.spotify.test.CreatePlaylistViaPlaylistAPI -->
    </test> <!-- Default test -->
  </suite> <!-- Default suite -->
</testng-results>
