<?xml version="1.0" encoding="UTF-8"?>
<testng-results ignored="0" total="1" passed="1" failed="0" skipped="0">
  <reporter-output>
  </reporter-output>
  <suite started-at="2023-08-29T22:33:34 IST" name="Default suite" finished-at="2023-08-29T22:33:35 IST" duration-ms="1321">
    <groups>
      <group name="cucumber">
        <method signature="AbstractTestNGCucumberTests.runScenario(io.cucumber.testng.PickleWrapper,io.cucumber.testng.FeatureWrapper)[pri:0, instance:dataTableRunner.RunnerforDataTable@4c12331b]" name="runScenario" class="io.cucumber.testng.AbstractTestNGCucumberTests"/>
      </group> <!-- cucumber -->
    </groups>
    <test started-at="2023-08-29T22:33:34 IST" name="Default test" finished-at="2023-08-29T22:33:35 IST" duration-ms="1321">
      <class name="dataTableRunner.RunnerforDataTable">
        <test-method is-config="true" signature="setUpClass(org.testng.ITestContext)[pri:0, instance:dataTableRunner.RunnerforDataTable@4c12331b]" started-at="2023-08-29T22:33:34 IST" name="setUpClass" finished-at="2023-08-29T22:33:35 IST" duration-ms="775" status="PASS">
          <params>
            <param index="0">
              <value>
                <![CDATA[org.testng.TestRunner@1b73be9f]]>
              </value>
            </param>
          </params>
          <reporter-output>
          </reporter-output>
        </test-method> <!-- setUpClass -->
        <test-method signature="runScenario(io.cucumber.testng.PickleWrapper,io.cucumber.testng.FeatureWrapper)[pri:0, instance:dataTableRunner.RunnerforDataTable@4c12331b]" started-at="2023-08-29T22:33:35 IST" name="runScenario" description="Runs Cucumber Scenarios" data-provider="scenarios" finished-at="2023-08-29T22:33:35 IST" duration-ms="386" status="PASS">
          <params>
            <param index="0">
              <value>
                <![CDATA["Account creation"]]>
              </value>
            </param>
            <param index="1">
              <value>
                <![CDATA["Registration functionality"]]>
              </value>
            </param>
          </params>
          <reporter-output>
          </reporter-output>
        </test-method> <!-- runScenario -->
        <test-method is-config="true" signature="tearDownClass()[pri:0, instance:dataTableRunner.RunnerforDataTable@4c12331b]" started-at="2023-08-29T22:33:35 IST" name="tearDownClass" finished-at="2023-08-29T22:33:35 IST" duration-ms="5" status="PASS">
          <reporter-output>
          </reporter-output>
        </test-method> <!-- tearDownClass -->
      </class> <!-- dataTableRunner.RunnerforDataTable -->
    </test> <!-- Default test -->
  </suite> <!-- Default suite -->
</testng-results>
